Determining if the pthread_create exist failed with the following output:
Change Dir: /home/gigasurv/rest_framework/micro-service/build/CMakeFiles/CMakeTmp

Run Build Command:"/usr/bin/gmake" "cmTC_5bcac/fast"
/usr/bin/gmake -f CMakeFiles/cmTC_5bcac.dir/build.make CMakeFiles/cmTC_5bcac.dir/build
gmake[1]: Entering directory `/home/gigasurv/rest_framework/micro-service/build/CMakeFiles/CMakeTmp'
Building C object CMakeFiles/cmTC_5bcac.dir/CheckSymbolExists.c.o
/usr/bin/cc    -o CMakeFiles/cmTC_5bcac.dir/CheckSymbolExists.c.o   -c /home/gigasurv/rest_framework/micro-service/build/CMakeFiles/CMakeTmp/CheckSymbolExists.c
Linking C executable cmTC_5bcac
/usr/local/bin/cmake -E cmake_link_script CMakeFiles/cmTC_5bcac.dir/link.txt --verbose=1
/usr/bin/cc      -rdynamic CMakeFiles/cmTC_5bcac.dir/CheckSymbolExists.c.o  -o cmTC_5bcac 
CMakeFiles/cmTC_5bcac.dir/CheckSymbolExists.c.o: In function `main':
CheckSymbolExists.c:(.text+0x16): undefined reference to `pthread_create'
collect2: error: ld returned 1 exit status
gmake[1]: *** [cmTC_5bcac] 오류 1
gmake[1]: Leaving directory `/home/gigasurv/rest_framework/micro-service/build/CMakeFiles/CMakeTmp'
gmake: *** [cmTC_5bcac/fast] 오류 2

File /home/gigasurv/rest_framework/micro-service/build/CMakeFiles/CMakeTmp/CheckSymbolExists.c:
/* */
#include <pthread.h>

int main(int argc, char** argv)
{
  (void)argv;
#ifndef pthread_create
  return ((int*)(&pthread_create))[argc];
#else
  (void)argc;
  return 0;
#endif
}

Determining if the function pthread_create exists in the pthreads failed with the following output:
Change Dir: /home/gigasurv/rest_framework/micro-service/build/CMakeFiles/CMakeTmp

Run Build Command:"/usr/bin/gmake" "cmTC_38ff3/fast"
/usr/bin/gmake -f CMakeFiles/cmTC_38ff3.dir/build.make CMakeFiles/cmTC_38ff3.dir/build
gmake[1]: Entering directory `/home/gigasurv/rest_framework/micro-service/build/CMakeFiles/CMakeTmp'
Building C object CMakeFiles/cmTC_38ff3.dir/CheckFunctionExists.c.o
/usr/bin/cc   -DCHECK_FUNCTION_EXISTS=pthread_create   -o CMakeFiles/cmTC_38ff3.dir/CheckFunctionExists.c.o   -c /usr/local/share/cmake-3.11/Modules/CheckFunctionExists.c
Linking C executable cmTC_38ff3
/usr/local/bin/cmake -E cmake_link_script CMakeFiles/cmTC_38ff3.dir/link.txt --verbose=1
/usr/bin/cc  -DCHECK_FUNCTION_EXISTS=pthread_create    -rdynamic CMakeFiles/cmTC_38ff3.dir/CheckFunctionExists.c.o  -o cmTC_38ff3 -lpthreads 
/usr/bin/ld: cannot find -lpthreads
collect2: error: ld returned 1 exit status
gmake[1]: *** [cmTC_38ff3] 오류 1
gmake[1]: Leaving directory `/home/gigasurv/rest_framework/micro-service/build/CMakeFiles/CMakeTmp'
gmake: *** [cmTC_38ff3/fast] 오류 2


